Change Component Designator: OldDesignator=? NewDesignator=1
Change Component Designator: OldDesignator=C? NewDesignator=C1
Change Component Designator: OldDesignator=C? NewDesignator=C2
Change Component Designator: OldDesignator=C? NewDesignator=C3
Change Component Designator: OldDesignator=C? NewDesignator=C4
Change Component Designator: OldDesignator=C? NewDesignator=C5
Change Component Designator: OldDesignator=C? NewDesignator=C6
Change Component Designator: OldDesignator=C? NewDesignator=C7
Change Component Designator: OldDesignator=C? NewDesignator=C8
Change Component Designator: OldDesignator=C? NewDesignator=C9
Change Component Designator: OldDesignator=C? NewDesignator=C10
Change Component Designator: OldDesignator=C? NewDesignator=C11
Change Component Designator: OldDesignator=C? NewDesignator=C12
Change Component Designator: OldDesignator=C? NewDesignator=C13
Change Component Designator: OldDesignator=C? NewDesignator=C14
Change Component Designator: OldDesignator=DA? NewDesignator=DA1
Change Component Designator: OldDesignator=DD? NewDesignator=DD1
Change Component Designator: OldDesignator=J? NewDesignator=J1
Change Component Designator: OldDesignator=L? NewDesignator=L1
Change Component Designator: OldDesignator=LED? NewDesignator=LED1
Change Component Designator: OldDesignator=P? NewDesignator=P1
Change Component Designator: OldDesignator=Q? NewDesignator=Q2
Change Component Designator: OldDesignator=R? NewDesignator=R3
Change Component Designator: OldDesignator=R? NewDesignator=R4
Change Component Designator: OldDesignator=R? NewDesignator=R5
Change Component Designator: OldDesignator=R? NewDesignator=R6
Change Component Designator: OldDesignator=R? NewDesignator=R7
Change Net Name : Old Net Name=NetC?_2 New Net Name=NetC1_2
Change Net Name : Old Net Name=NetDD?_59 New Net Name=NetDD1_59
Change Net Name : Old Net Name=NetDD?_60 New Net Name=NetDD1_60
Added Pin To Net: NetName=Net1_6 Pin=1-6
Added Pin To Net: NetName=Net1_6 Pin=R5-2
Added Net: Name=Net1_6
Added Pin To Net: NetName=Net1_7 Pin=1-7
Added Pin To Net: NetName=Net1_7 Pin=R5-1
Added Net: Name=Net1_7
Added Pin To Net: NetName=NetC1_1 Pin=C1-1
Added Pin To Net: NetName=NetC1_1 Pin=C2-1
Added Pin To Net: NetName=NetC1_1 Pin=DA1-3
Added Net: Name=NetC1_1
Added Pin To Net: NetName=NetC3_1 Pin=C3-1
Added Pin To Net: NetName=NetC3_1 Pin=C4-1
Added Pin To Net: NetName=NetC3_1 Pin=DA1-4
Added Pin To Net: NetName=NetC3_1 Pin=L1-1
Added Net: Name=NetC3_1
Added Pin To Net: NetName=NetC9_1 Pin=C9-1
Added Pin To Net: NetName=NetC9_1 Pin=DD1-5
Added Pin To Net: NetName=NetC9_1 Pin=Q2-2
Added Net: Name=NetC9_1
Added Pin To Net: NetName=NetC10_1 Pin=C10-1
Added Pin To Net: NetName=NetC10_1 Pin=DD1-6
Added Pin To Net: NetName=NetC10_1 Pin=Q2-1
Added Net: Name=NetC10_1
Added Pin To Net: NetName=NetDD1_37 Pin=DD1-37
Added Net: Name=NetDD1_37
Added Pin To Net: NetName=NetLED1_A Pin=LED1-A
Added Net: Name=NetLED1_A
Added Net: Name=NetQ1_1
Added Net: Name=NetQ1_2
Added Member To Class: ClassName=Sheet1 Member=Component C2 approved sub OK
Added Member To Class: ClassName=Sheet1 Member=Component C3 approved sub OK
Added Member To Class: ClassName=Sheet1 Member=Component C4 10µ
Added Member To Class: ClassName=Sheet1 Member=Component C5 approved sub OK
Added Member To Class: ClassName=Sheet1 Member=Component C6 approved sub OK
Added Member To Class: ClassName=Sheet1 Member=Component C7 10µ
Added Member To Class: ClassName=Sheet1 Member=Component C8 approved sub OK
Added Member To Class: ClassName=Sheet1 Member=Component C9 18p
Added Member To Class: ClassName=Sheet1 Member=Component C10 18p
Added Member To Class: ClassName=Sheet1 Member=Component C11 approved sub OK
Added Member To Class: ClassName=Sheet1 Member=Component C12 approved sub OK
Added Member To Class: ClassName=Sheet1 Member=Component C13 approved sub OK
Added Member To Class: ClassName=Sheet1 Member=Component C14 approved sub OK
Added Member To Class: ClassName=Sheet1 Member=Component R3 Thick Film
Added Member To Class: ClassName=Sheet1 Member=Component R4 Thick Film
Added Member To Class: ClassName=Sheet1 Member=Component R6 Thick Film
Added Member To Class: ClassName=Sheet1 Member=Component R7 Thick Film
