Change Component Comment : Designator=R00000 Old Comment=Resistor film, , ±5%, 0805, 0.125W, -55...+125°C New Comment=Resistor film, =Value, ±5%, 0805, 0.125W, -55...+125°C
Change Component Comment : Designator=R0000 Old Comment=Resistor film, , ±5%, 0805, 0.125W, -55...+125°C New Comment=Resistor film, =Value, ±5%, 0805, 0.125W, -55...+125°C
Change Component Comment : Designator=R0 Old Comment=Resistor film, , ±5%, 0805, 0.125W, -55...+125°C New Comment=Resistor film, =Value, ±5%, 0805, 0.125W, -55...+125°C
Change Component Comment : Designator=R01 Old Comment=Resistor film, , ±5%, 0805, 0.125W, -55...+125°C New Comment=Resistor film, =Value, ±5%, 0805, 0.125W, -55...+125°C
Change Component Designator: OldDesignator=R0 NewDesignator=R000
Change Component Designator: OldDesignator=R01 NewDesignator=R001
Change Component Description : Designator=Q2 Old Description=16MHz A±100ppm Crystal 8pF 100 Ohms 2-SMD, No Lead New Description=16MHz A±100ppm Crystal 8pF 100 Ohms 2-SMD, No Lead
Change Component Description : Designator=DD1 Old Description=ARMA® CortexA®-M7 STM32F7 Microcontroller IC 32-Bit 216MHz 64KB (64K x 8) FLASH 64-LQFP (10x10) New Description=ARMA® CortexA®-M7 STM32F7 Microcontroller IC 32-Bit 216MHz 64KB (64K x 8) FLASH 64-LQFP (10x10)
Change Component Description : Designator=J Old Description=Jack Modular Connector 8p8c _RJ45, Ethernet_ 90A° Angle _Right_ Unshielded New Description=Jack Modular Connector 8p8c _RJ45, Ethernet_ 90A° Angle _Right_ Unshielded
Change component parameters: Designator = "R0" ("R000"); Footprint = "RES: 0805"; UniqueID = "\LYDGAYBT" ("\LYDGAYBT")
Change component parameters (AddParameter): Name = "HelpURL"; Value = "https://www.digikey.com/product-detail/en/yageo/RC0805JR-07100RL/311-100ARCT-ND/731185"; VariantName = "[No Variations]"
Change component parameters (AddParameter): Name = "Manufacturer"; Value = "Yageo"; VariantName = "[No Variations]"
Change component parameters (AddParameter): Name = "Package"; Value = "0805"; VariantName = "[No Variations]"
Change component parameters (AddParameter): Name = "PartNumber"; Value = "RC0805JR-07100RL"; VariantName = "[No Variations]"
Change component parameters (AddParameter): Name = "Power"; Value = "0.125W"; VariantName = "[No Variations]"
Change component parameters (AddParameter): Name = "Temperature"; Value = "-55...+125°C"; VariantName = "[No Variations]"
Change component parameters (AddParameter): Name = "Tolerance"; Value = "±5%"; VariantName = "[No Variations]"
Change component parameters (AddParameter): Name = "TypeResistor"; Value = "Resistor film"; VariantName = "[No Variations]"
Change component parameters (AddParameter): Name = "ValueManufacturerPartNumber"; Value = "Resistor film, =Value, ±5%, 0805, 0.125W, -55...+125°C"; VariantName = "[No Variations]"
Change component parameters: Designator = "R0000" ("R0000"); Footprint = "RES: 0805"; UniqueID = "\UPUWTMKA" ("\UPUWTMKA")
Change component parameters (AddParameter): Name = "HelpURL"; Value = "https://www.digikey.com/product-detail/en/yageo/RC0805JR-07100RL/311-100ARCT-ND/731185"; VariantName = "[No Variations]"
Change component parameters (AddParameter): Name = "Manufacturer"; Value = "Yageo"; VariantName = "[No Variations]"
Change component parameters (AddParameter): Name = "Package"; Value = "0805"; VariantName = "[No Variations]"
Change component parameters (AddParameter): Name = "PartNumber"; Value = "RC0805JR-07100RL"; VariantName = "[No Variations]"
Change component parameters (AddParameter): Name = "Power"; Value = "0.125W"; VariantName = "[No Variations]"
Change component parameters (AddParameter): Name = "Temperature"; Value = "-55...+125°C"; VariantName = "[No Variations]"
Change component parameters (AddParameter): Name = "Tolerance"; Value = "±5%"; VariantName = "[No Variations]"
Change component parameters (AddParameter): Name = "TypeResistor"; Value = "Resistor film"; VariantName = "[No Variations]"
Change component parameters (AddParameter): Name = "ValueManufacturerPartNumber"; Value = "Resistor film, =Value, ±5%, 0805, 0.125W, -55...+125°C"; VariantName = "[No Variations]"
Change component parameters: Designator = "R00000" ("R00000"); Footprint = "RES: 0805"; UniqueID = "\FNDAIWXX" ("\FNDAIWXX")
Change component parameters (AddParameter): Name = "HelpURL"; Value = "https://www.digikey.com/product-detail/en/yageo/RC0805JR-07100RL/311-100ARCT-ND/731185"; VariantName = "[No Variations]"
Change component parameters (AddParameter): Name = "Manufacturer"; Value = "Yageo"; VariantName = "[No Variations]"
Change component parameters (AddParameter): Name = "Package"; Value = "0805"; VariantName = "[No Variations]"
Change component parameters (AddParameter): Name = "PartNumber"; Value = "RC0805JR-07100RL"; VariantName = "[No Variations]"
Change component parameters (AddParameter): Name = "Power"; Value = "0.125W"; VariantName = "[No Variations]"
Change component parameters (AddParameter): Name = "Temperature"; Value = "-55...+125°C"; VariantName = "[No Variations]"
Change component parameters (AddParameter): Name = "Tolerance"; Value = "±5%"; VariantName = "[No Variations]"
Change component parameters (AddParameter): Name = "TypeResistor"; Value = "Resistor film"; VariantName = "[No Variations]"
Change component parameters (AddParameter): Name = "ValueManufacturerPartNumber"; Value = "Resistor film, =Value, ±5%, 0805, 0.125W, -55...+125°C"; VariantName = "[No Variations]"
Change component parameters: Designator = "R01" ("R001"); Footprint = "RES: 0805"; UniqueID = "\KFFODDLW" ("\KFFODDLW")
Change component parameters (AddParameter): Name = "HelpURL"; Value = "https://www.digikey.com/product-detail/en/yageo/RC0805JR-07100RL/311-100ARCT-ND/731185"; VariantName = "[No Variations]"
Change component parameters (AddParameter): Name = "Manufacturer"; Value = "Yageo"; VariantName = "[No Variations]"
Change component parameters (AddParameter): Name = "Package"; Value = "0805"; VariantName = "[No Variations]"
Change component parameters (AddParameter): Name = "PartNumber"; Value = "RC0805JR-07100RL"; VariantName = "[No Variations]"
Change component parameters (AddParameter): Name = "Power"; Value = "0.125W"; VariantName = "[No Variations]"
Change component parameters (AddParameter): Name = "Temperature"; Value = "-55...+125°C"; VariantName = "[No Variations]"
Change component parameters (AddParameter): Name = "Tolerance"; Value = "±5%"; VariantName = "[No Variations]"
Change component parameters (AddParameter): Name = "TypeResistor"; Value = "Resistor film"; VariantName = "[No Variations]"
Change component parameters (AddParameter): Name = "ValueManufacturerPartNumber"; Value = "Resistor film, =Value, ±5%, 0805, 0.125W, -55...+125°C"; VariantName = "[No Variations]"
Added Room: Name=Sheet1
